#
# There is insufficient memory for the Java Runtime Environment to continue.
# Native memory allocation (malloc) failed to allocate 1048576 bytes for AllocateHeap
# Possible reasons:
#   The system is out of physical RAM or swap space
#   In 32 bit mode, the process size limit was hit
# Possible solutions:
#   Reduce memory load on the system
#   Increase physical memory or swap space
#   Check if swap backing store is full
#   Use 64 bit Java on a 64 bit OS
#   Decrease Java heap size (-Xmx/-Xms)
#   Decrease number of Java threads
#   Decrease Java thread stack sizes (-Xss)
#   Set larger code cache with -XX:ReservedCodeCacheSize=
# This output file may be truncated or incomplete.
#
#  Out of Memory Error (memory/allocation.inline.hpp:61), pid=1788, tid=0x0000000000002930
#
# JRE version:  (8.0_131-b11) (build )
# Java VM: Java HotSpot(TM) 64-Bit Server VM (25.131-b11 mixed mode windows-amd64 compressed oops)
# Failed to write core dump. Minidumps are not enabled by default on client versions of Windows
#

---------------  T H R E A D  ---------------

Current thread (0x0000000002dc4000):  JavaThread "Unknown thread" [_thread_in_vm, id=10544, stack(0x0000000002ae0000,0x0000000002be0000)]

Stack: [0x0000000002ae0000,0x0000000002be0000]
[error occurred during error reporting (printing stack bounds), id 0xc0000005]

Native frames: (J=compiled Java code, j=interpreted, Vv=VM code, C=native code)


---------------  P R O C E S S  ---------------

Java Threads: ( => current thread )

Other Threads:

=>0x0000000002dc4000 (exited) JavaThread "Unknown thread" [_thread_in_vm, id=10544, stack(0x0000000002ae0000,0x0000000002be0000)]

VM state:not at safepoint (normal execution)

VM Mutex/Monitor currently owned by a thread: None

Heap:
 PSYoungGen      total 28672K, used 491K [0x00000000e0780000, 0x00000000e2780000, 0x0000000100000000)
  eden space 24576K, 2% used [0x00000000e0780000,0x00000000e07fae20,0x00000000e1f80000)
  from space 4096K, 0% used [0x00000000e2380000,0x00000000e2380000,0x00000000e2780000)
  to   space 4096K, 0% used [0x00000000e1f80000,0x00000000e1f80000,0x00000000e2380000)
 ParOldGen       total 65536K, used 0K [0x00000000a1600000, 0x00000000a5600000, 0x00000000e0780000)
  object space 65536K, 0% used [0x00000000a1600000,0x00000000a1600000,0x00000000a5600000)
 Metaspace       used 770K, capacity 4480K, committed 4480K, reserved 1056768K
  class space    used 75K, capacity 384K, committed 384K, reserved 1048576K

Card table byte_map: [0x0000000012280000,0x0000000012580000] byte_map_base: 0x0000000011d75000

Marking Bits: (ParMarkBitMap*) 0x000000006e09c720
 Begin Bits: [0x0000000012b80000, 0x0000000014328000)
 End Bits:   [0x0000000014328000, 0x0000000015ad0000)

Polling page: 0x0000000002750000

CodeCache: size=245760Kb used=328Kb max_used=328Kb free=245431Kb
 bounds [0x0000000002ec0000, 0x0000000003130000, 0x0000000011ec0000]
 total_blobs=58 nmethods=0 adapters=38
 compilation: enabled

Compilation events (0 events):
No events

GC Heap History (0 events):
No events

Deoptimization events (0 events):
No events

Internal exceptions (0 events):
No events

Events (10 events):
Event: 0.251 loading class java/lang/Short
Event: 0.251 loading class java/lang/Short done
Event: 0.251 loading class java/lang/Integer
Event: 0.252 loading class java/lang/Integer done
Event: 0.252 loading class java/lang/Long
Event: 0.252 loading class java/lang/Long done
Event: 0.253 loading class java/lang/NullPointerException
Event: 0.253 loading class java/lang/NullPointerException done
Event: 0.253 loading class java/lang/ArithmeticException
Event: 0.253 loading class java/lang/ArithmeticException done


Dynamic libraries:
0x00007ff7c2100000 - 0x00007ff7c2137000 	C:\Program Files\Java\jdk1.8.0_131\bin\java.exe
0x00007ffd57a20000 - 0x00007ffd57bf1000 	C:\WINDOWS\SYSTEM32\ntdll.dll
0x00007ffd577f0000 - 0x00007ffd5789c000 	C:\WINDOWS\System32\KERNEL32.DLL
0x00007ffd53cd0000 - 0x00007ffd53eed000 	C:\WINDOWS\System32\KERNELBASE.dll
0x00007ffd56be0000 - 0x00007ffd56c82000 	C:\WINDOWS\System32\ADVAPI32.dll
0x00007ffd575d0000 - 0x00007ffd5766e000 	C:\WINDOWS\System32\msvcrt.dll
0x00007ffd57670000 - 0x00007ffd576c9000 	C:\WINDOWS\System32\sechost.dll
0x00007ffd56ab0000 - 0x00007ffd56bd1000 	C:\WINDOWS\System32\RPCRT4.dll
0x00007ffd56f70000 - 0x00007ffd570d5000 	C:\WINDOWS\System32\USER32.dll
0x00007ffd549c0000 - 0x00007ffd549de000 	C:\WINDOWS\System32\win32u.dll
0x00007ffd57180000 - 0x00007ffd571b4000 	C:\WINDOWS\System32\GDI32.dll
0x00007ffd54c70000 - 0x00007ffd54df0000 	C:\WINDOWS\System32\gdi32full.dll
0x00007ffd49340000 - 0x00007ffd495ba000 	C:\WINDOWS\WinSxS\amd64_microsoft.windows.common-controls_6595b64144ccf1df_6.0.14393.953_none_42151e83c686086b\COMCTL32.dll
0x00007ffd572d0000 - 0x00007ffd57598000 	C:\WINDOWS\System32\combase.dll
0x00007ffd549e0000 - 0x00007ffd54ad5000 	C:\WINDOWS\System32\ucrtbase.dll
0x00007ffd54c00000 - 0x00007ffd54c6a000 	C:\WINDOWS\System32\bcryptPrimitives.dll
0x00007ffd575a0000 - 0x00007ffd575ce000 	C:\WINDOWS\System32\IMM32.DLL
0x0000000180000000 - 0x00000001800b9000 	C:\Windows\system32\Vozokopot.dll
0x00000000022d0000 - 0x000000000264e000 	C:\WINDOWS\system32\Chitinous_Shield2000.dll
0x00007ffd56d50000 - 0x00007ffd56e4a000 	C:\WINDOWS\System32\COMDLG32.dll
0x00007ffd54b40000 - 0x00007ffd54be9000 	C:\WINDOWS\System32\shcore.dll
0x00007ffd56e50000 - 0x00007ffd56ea2000 	C:\WINDOWS\System32\SHLWAPI.dll
0x00007ffd553f0000 - 0x00007ffd568f8000 	C:\WINDOWS\System32\SHELL32.dll
0x00007ffd54970000 - 0x00007ffd549b2000 	C:\WINDOWS\System32\cfgmgr32.dll
0x00007ffd53f40000 - 0x00007ffd5461a000 	C:\WINDOWS\System32\windows.storage.dll
0x00007ffd53ef0000 - 0x00007ffd53f3c000 	C:\WINDOWS\System32\powrprof.dll
0x00007ffd53c80000 - 0x00007ffd53c8f000 	C:\WINDOWS\System32\kernel.appcore.dll
0x00007ffd53c60000 - 0x00007ffd53c74000 	C:\WINDOWS\System32\profapi.dll
0x00007ffd578c0000 - 0x00007ffd579f8000 	C:\WINDOWS\System32\ole32.dll
0x00007ffd54df0000 - 0x00007ffd54e5a000 	C:\WINDOWS\System32\WS2_32.dll
0x00007ffd54620000 - 0x00007ffd547e9000 	C:\WINDOWS\System32\CRYPT32.dll
0x00007ffd53c90000 - 0x00007ffd53ca0000 	C:\WINDOWS\System32\MSASN1.dll
0x00007ffd50b80000 - 0x00007ffd50c06000 	C:\WINDOWS\SYSTEM32\WINSPOOL.DRV
0x00007ffd50960000 - 0x00007ffd5096a000 	C:\WINDOWS\SYSTEM32\VERSION.dll
0x00007ffd53ba0000 - 0x00007ffd53bcb000 	C:\WINDOWS\SYSTEM32\bcrypt.dll
0x000000006e120000 - 0x000000006e1f2000 	C:\Program Files\Java\jdk1.8.0_131\jre\bin\msvcr100.dll
0x000000006d880000 - 0x000000006e11c000 	C:\Program Files\Java\jdk1.8.0_131\jre\bin\server\jvm.dll
0x00007ffd547f0000 - 0x00007ffd54813000 	C:\WINDOWS\System32\WINMM.dll
0x00007ffd53ca0000 - 0x00007ffd53ccb000 	C:\WINDOWS\System32\WINMMBASE.dll
0x00007ffd56900000 - 0x00007ffd56908000 	C:\WINDOWS\System32\PSAPI.DLL
0x00007ffd48360000 - 0x00007ffd48369000 	C:\WINDOWS\SYSTEM32\WSOCK32.dll
0x000000006d870000 - 0x000000006d87f000 	C:\Program Files\Java\jdk1.8.0_131\jre\bin\verify.dll
0x000000006d840000 - 0x000000006d869000 	C:\Program Files\Java\jdk1.8.0_131\jre\bin\java.dll
0x000000006d7f0000 - 0x000000006d813000 	C:\Program Files\Java\jdk1.8.0_131\jre\bin\instrument.dll
0x000000006d820000 - 0x000000006d836000 	C:\Program Files\Java\jdk1.8.0_131\jre\bin\zip.dll

VM Arguments:
jvm_args: -ea -Didea.test.cyclic.buffer.size=1048576 -javaagent:C:\fanyy\software\IntelliJ IDEA 2017.1\lib\idea_rt.jar=59856:C:\fanyy\software\IntelliJ IDEA 2017.1\bin -Dfile.encoding=GBK 
java_command: com.intellij.rt.execution.junit.JUnitStarter -ideVersion5 JdbcTemplateTest,testAdd
java_class_path (initial): C:\fanyy\software\IntelliJ IDEA 2017.1\lib\idea_rt.jar;C:\fanyy\software\IntelliJ IDEA 2017.1\plugins\junit\lib\junit-rt.jar;C:\Program Files\Java\jdk1.8.0_131\jre\lib\charsets.jar;C:\Program Files\Java\jdk1.8.0_131\jre\lib\deploy.jar;C:\Program Files\Java\jdk1.8.0_131\jre\lib\ext\access-bridge-64.jar;C:\Program Files\Java\jdk1.8.0_131\jre\lib\ext\cldrdata.jar;C:\Program Files\Java\jdk1.8.0_131\jre\lib\ext\dnsns.jar;C:\Program Files\Java\jdk1.8.0_131\jre\lib\ext\jaccess.jar;C:\Program Files\Java\jdk1.8.0_131\jre\lib\ext\jfxrt.jar;C:\Program Files\Java\jdk1.8.0_131\jre\lib\ext\localedata.jar;C:\Program Files\Java\jdk1.8.0_131\jre\lib\ext\nashorn.jar;C:\Program Files\Java\jdk1.8.0_131\jre\lib\ext\sunec.jar;C:\Program Files\Java\jdk1.8.0_131\jre\lib\ext\sunjce_provider.jar;C:\Program Files\Java\jdk1.8.0_131\jre\lib\ext\sunmscapi.jar;C:\Program Files\Java\jdk1.8.0_131\jre\lib\ext\sunpkcs11.jar;C:\Program Files\Java\jdk1.8.0_131\jre\lib\ext\zipfs.jar;C:\Program Files\Java\jdk1.8.0_131\jre\lib\javaws.jar;C:\Program Files\Java\jdk1.8.0_131\jre\lib\jce.jar;C:\Program Files\Java\jdk1.8.0_131\jre\lib\jfr.jar;C:\Program Files\Java\jdk1.8.0_131\jre\lib\jfxswt.jar;C:\Program Files\Java\jdk1.8.0_131\jre\lib\jsse.jar;C:\Program Files\Java\jdk1.8.0_131\jre\lib\management-agent.jar;C:\Program Files\Java\jdk1.8.0_131\jre\lib\plugin.jar;C:\Program Files\Java\jdk1.8.0_131\jre\lib\resources.jar;C:\Program Files\Java\jdk1.8.0_131\jre\lib\rt.jar;C:\fanyy\ythIdeaWorkspace\mypro\springDemo\target\test-classes;C:\fanyy\ythIdeaWorkspace\mypro\springDemo\target\classes;C:\fanyy\software\mvnRespo\org\springframework\spring-core\4.3.10.RELEASE\spring-core-4.3.10.RELEASE.jar;C:\fanyy\software\mvnRespo\org\springframework\spring-context\4.3.10.RELEASE\spring-context-4.3.10.RELEASE.jar;C:\fanyy\software\mvnRespo\org\springframework\spring-beans\4.3.10.RELEASE\spring-beans-4.3.10.RELEASE.jar;C:\fanyy\software\mvnRespo\org\springframework\spring-expression\4.3.10.RELEASE\
Launcher Type: SUN_STANDARD

Environment Variables:
JAVA_HOME=C:\Program Files\Java\jdk1.7.0_79
CLASSPATH= .;C:\Program Files\Java\jdk1.7.0_79\lib;C:\Program Files\Java\jdk1.7.0_79\lib\tools.jar
PATH=C:\ProgramData\Oracle\Java\javapath; C:\Program Files\Java\jdk1.7.0_79\bin;C:\oracle\product\10.2.0\db_1\bin;C:\WINDOWS\system32;C:\WINDOWS;C:\WINDOWS\System32\Wbem;C:\WINDOWS\System32\WindowsPowerShell\v1.0\;C:\Program Files (x86)\Intel\OpenCL SDK\2.0\bin\x86;C:\Program Files (x86)\Intel\OpenCL SDK\2.0\bin\x64;C:\PROGRA~2\IBM\SQLLIB\BIN;C:\PROGRA~2\IBM\SQLLIB\FUNCTION;C:\fanyy\software\node\;C:\Program Files (x86)\GtkSharp\2.12\bin;;C:\Program Files\TortoiseSVN\bin;C:\Program Files\MySQL\MySQL Utilities 1.6\;C:\Users\Administrator\AppData\Roaming\npm;C:\fanyy\software\apache-maven-3.3.9\bin; C:\Program Files\Java\jdk1.7.0_79\bin;C:\Program Files\Java\jdk1.7.0_79\jre\bin;C:\fanyy\software\node；C:\fanyy\software\MinGW\bin;C:\Program Files (x86)\Microsoft VS Code\bin;C:\Program Files\Java\jdk1.7.0_79\bin; ;C:\Users\Administrator\AppData\Local\Microsoft\WindowsApps;C:\fanyy\其他\资料\apache-ant-1.10.1-bin\apache-ant-1.10.1/bin;C:\Program Files\MySQL\MySQL Server 5.7\bin;
USERNAME=Administrator
OS=Windows_NT
PROCESSOR_IDENTIFIER=Intel64 Family 6 Model 42 Stepping 7, GenuineIntel



---------------  S Y S T E M  ---------------

OS: Windows 10.0 , 64 bit Build 14393 (10.0.14393.1198)

CPU:total 4 (initial active 4) (2 cores per cpu, 2 threads per core) family 6 model 42 stepping 7, cmov, cx8, fxsr, mmx, sse, sse2, sse3, ssse3, sse4.1, sse4.2, popcnt, avx, aes, clmul, ht, tsc, tscinvbit

Memory: 4k page, physical 6200044k(971848k free), swap 6200044k(9992k free)

vm_info: Java HotSpot(TM) 64-Bit Server VM (25.131-b11) for windows-amd64 JRE (1.8.0_131-b11), built on Mar 15 2017 01:23:53 by "java_re" with MS VC++ 10.0 (VS2010)

time: Wed Aug 16 16:12:07 2017
elapsed time: 0 seconds (0d 0h 0m 0s)

